2025-08-05 01:50:27,875 - INFO - Starting World Government Bonds data scraping...
2025-08-05 01:50:27,875 - INFO - ====== WebDriver manager ======
2025-08-05 01:50:28,001 - INFO - Get LATEST chromedriver version for google-chrome
2025-08-05 01:50:28,045 - INFO - Get LATEST chromedriver version for google-chrome
2025-08-05 01:50:28,067 - INFO - There is no [mac64] chromedriver "138.0.7204.183" for browser google-chrome "138.0.7204" in cache
2025-08-05 01:50:28,071 - INFO - Get LATEST chromedriver version for google-chrome
2025-08-05 01:50:28,138 - INFO - WebDriver version 138.0.7204.183 selected
2025-08-05 01:50:28,139 - INFO - Modern chrome version https://storage.googleapis.com/chrome-for-testing-public/138.0.7204.183/mac-arm64/chromedriver-mac-arm64.zip
2025-08-05 01:50:28,139 - INFO - About to download new driver from https://storage.googleapis.com/chrome-for-testing-public/138.0.7204.183/mac-arm64/chromedriver-mac-arm64.zip
2025-08-05 01:50:28,265 - INFO - Driver downloading response is 200
2025-08-05 01:50:29,564 - INFO - Get LATEST chromedriver version for google-chrome
2025-08-05 01:50:29,626 - INFO - Driver has been saved in cache [/Users/mac/.wdm/drivers/chromedriver/mac64/138.0.7204.183]
2025-08-05 01:50:30,536 - INFO - Chrome WebDriver initialized successfully
2025-08-05 01:50:30,537 - INFO - Starting bond spreads scraping...
2025-08-05 01:50:40,225 - INFO - Saved 70 bond spread records
2025-08-05 01:50:40,225 - INFO - Starting credit ratings scraping...
2025-08-05 01:50:49,826 - INFO - Saved 74 credit rating records
2025-08-05 01:50:49,827 - INFO - Merging datasets...
2025-08-05 01:50:49,829 - INFO - Saved merged dataset with 70 countries
2025-08-05 01:50:49,829 - INFO - Scraping completed successfully!
2025-08-05 01:50:49,829 - INFO - Output files:
2025-08-05 01:50:49,829 - INFO -   - government_bond_spreads.csv
2025-08-05 01:50:49,829 - INFO -   - world_credit_ratings_with_numeric.csv
2025-08-05 01:50:49,829 - INFO -   - credit_ratings_and_spreads.csv (merged data)
2025-08-05 01:50:49,917 - INFO - WebDriver closed
